[2021-06-07T22:21:08.404] [ERROR] error - CastError: Cast to ObjectId failed for value "1" (type string) at path "_id" for model "Carrito"
    at model.Query.exec (D:\Lumel\Repos\E-Commerce-Back-End\node_modules\mongoose\lib\query.js:4478:21)
    at model.Query.Query.then (D:\Lumel\Repos\E-Commerce-Back-End\node_modules\mongoose\lib\query.js:4572:15)
    at Object.getCartById (D:\Lumel\Repos\E-Commerce-Back-End\dist\service\cart.service.js:34:14)
    at D:\Lumel\Repos\E-Commerce-Back-End\dist\routes\cart.route.js:12:32
    at Layer.handle [as handle_request] (D:\Lumel\Repos\E-Commerce-Back-End\node_modules\express\lib\router\layer.js:95:5)
    at next (D:\Lumel\Repos\E-Commerce-Back-End\node_modules\express\lib\router\route.js:137:13)
    at Route.dispatch (D:\Lumel\Repos\E-Commerce-Back-End\node_modules\express\lib\router\route.js:112:3)
    at Layer.handle [as handle_request] (D:\Lumel\Repos\E-Commerce-Back-End\node_modules\express\lib\router\layer.js:95:5)
    at D:\Lumel\Repos\E-Commerce-Back-End\node_modules\express\lib\router\index.js:281:22
    at param (D:\Lumel\Repos\E-Commerce-Back-End\node_modules\express\lib\router\index.js:354:14)
    at param (D:\Lumel\Repos\E-Commerce-Back-End\node_modules\express\lib\router\index.js:365:14)
    at Function.process_params (D:\Lumel\Repos\E-Commerce-Back-End\node_modules\express\lib\router\index.js:410:3)
    at next (D:\Lumel\Repos\E-Commerce-Back-End\node_modules\express\lib\router\index.js:275:10)
    at Function.handle (D:\Lumel\Repos\E-Commerce-Back-End\node_modules\express\lib\router\index.js:174:3)
    at router (D:\Lumel\Repos\E-Commerce-Back-End\node_modules\express\lib\router\index.js:47:12)
    at Layer.handle [as handle_request] (D:\Lumel\Repos\E-Commerce-Back-End\node_modules\express\lib\router\layer.js:95:5) {
  messageFormat: undefined,
  stringValue: '"1"',
  kind: 'ObjectId',
  value: '1',
  path: '_id',
  reason: Error: Argument passed in must be a single String of 12 bytes or a string of 24 hex characters
      at new ObjectID (D:\Lumel\Repos\E-Commerce-Back-End\node_modules\bson\lib\bson\objectid.js:59:11)
      at castObjectId (D:\Lumel\Repos\E-Commerce-Back-End\node_modules\mongoose\lib\cast\objectid.js:25:12)
      at ObjectId.cast (D:\Lumel\Repos\E-Commerce-Back-End\node_modules\mongoose\lib\schema\objectid.js:245:12)
      at ObjectId.SchemaType.applySetters (D:\Lumel\Repos\E-Commerce-Back-End\node_modules\mongoose\lib\schematype.js:1123:12)
      at ObjectId.SchemaType._castForQuery (D:\Lumel\Repos\E-Commerce-Back-End\node_modules\mongoose\lib\schematype.js:1601:15)
      at ObjectId.SchemaType.castForQuery (D:\Lumel\Repos\E-Commerce-Back-End\node_modules\mongoose\lib\schematype.js:1591:15)
      at ObjectId.SchemaType.castForQueryWrapper (D:\Lumel\Repos\E-Commerce-Back-End\node_modules\mongoose\lib\schematype.js:1568:20)
      at cast (D:\Lumel\Repos\E-Commerce-Back-End\node_modules\mongoose\lib\cast.js:331:32)
      at model.Query.Query.cast (D:\Lumel\Repos\E-Commerce-Back-End\node_modules\mongoose\lib\query.js:4917:12)
      at model.Query.Query._castConditions (D:\Lumel\Repos\E-Commerce-Back-End\node_modules\mongoose\lib\query.js:1955:10)
      at model.Query.<anonymous> (D:\Lumel\Repos\E-Commerce-Back-End\node_modules\mongoose\lib\query.js:1982:8)
      at model.Query._wrappedThunk [as _find] (D:\Lumel\Repos\E-Commerce-Back-End\node_modules\mongoose\lib\helpers\query\wrapThunk.js:16:8)
      at D:\Lumel\Repos\E-Commerce-Back-End\node_modules\kareem\index.js:370:33
      at processTicksAndRejections (internal/process/task_queues.js:75:11),
  valueType: 'string'
}
[2021-06-16T21:12:58.149] [ERROR] error - Error: listen EADDRINUSE: address already in use :::8080
    at Server.setupListenHandle [as _listen2] (net.js:1318:16)
    at listenInCluster (net.js:1366:12)
    at Server.listen (net.js:1452:7)
    at Function.listen (D:\Lumel\Repos\E-Commerce-Back-End\node_modules\express\lib\application.js:618:24)
    at D:\Lumel\Repos\E-Commerce-Back-End\src\service\initApp.service.ts:21:32
    at processTicksAndRejections (internal/process/task_queues.js:93:5) {
  code: 'EADDRINUSE',
  errno: -4091,
  syscall: 'listen',
  address: '::',
  port: 8080
}
[2021-06-16T21:13:12.472] [ERROR] error - Error: listen EADDRINUSE: address already in use :::8080
    at Server.setupListenHandle [as _listen2] (net.js:1318:16)
    at listenInCluster (net.js:1366:12)
    at Server.listen (net.js:1452:7)
    at Function.listen (D:\Lumel\Repos\E-Commerce-Back-End\node_modules\express\lib\application.js:618:24)
    at D:\Lumel\Repos\E-Commerce-Back-End\dist\service\initApp.service.js:19:26
    at processTicksAndRejections (internal/process/task_queues.js:93:5) {
  code: 'EADDRINUSE',
  errno: -4091,
  syscall: 'listen',
  address: '::',
  port: 8080
}
